DEBUG - 2025-10-14 14:22:54 --> Session: Class initialized using 'CodeIgniter\Session\Handlers\FileHandler' driver.
DEBUG - 2025-10-14 14:22:55 --> Session: Class initialized using 'CodeIgniter\Session\Handlers\FileHandler' driver.
DEBUG - 2025-10-14 14:22:58 --> Session: Class initialized using 'CodeIgniter\Session\Handlers\FileHandler' driver.
DEBUG - 2025-10-14 14:22:58 --> Session: Class initialized using 'CodeIgniter\Session\Handlers\FileHandler' driver.
DEBUG - 2025-10-14 14:23:00 --> Session: Class initialized using 'CodeIgniter\Session\Handlers\FileHandler' driver.
DEBUG - 2025-10-14 14:23:02 --> Session: Class initialized using 'CodeIgniter\Session\Handlers\FileHandler' driver.
DEBUG - 2025-10-14 14:23:04 --> Session: Class initialized using 'CodeIgniter\Session\Handlers\FileHandler' driver.
DEBUG - 2025-10-14 14:23:05 --> Session: Class initialized using 'CodeIgniter\Session\Handlers\FileHandler' driver.
DEBUG - 2025-10-14 14:24:16 --> Session: Class initialized using 'CodeIgniter\Session\Handlers\FileHandler' driver.
DEBUG - 2025-10-14 14:27:06 --> Session: Class initialized using 'CodeIgniter\Session\Handlers\FileHandler' driver.
DEBUG - 2025-10-14 15:01:51 --> Session: Class initialized using 'CodeIgniter\Session\Handlers\FileHandler' driver.
CRITICAL - 2025-10-14 15:01:51 --> ErrorException: simplexml_load_file(): Unable to find the wrapper &quot;https&quot; - did you forget to enable it when you configured PHP?
[Method: GET, Route: accueil]
in APPPATH\Controllers\Accueil.php on line 36.
 1 [internal function]: CodeIgniter\Debug\Exceptions->errorHandler(2, 'simplexml_load_file(): Unable to find the wrapper &quot;https&quot; - did you forget to enable it when you configured PHP?', 'Z:\\BTS2Bis\\Ap groupe\\GSBFraisCI4-V2\\app\\Controllers\\Accueil.php', 36)
 2 APPPATH\Controllers\Accueil.php(36): simplexml_load_file('https://www.santemagazine.fr/feeds/rss/sante')
 3 APPPATH\Controllers\Accueil.php(22): App\Controllers\Accueil->getRssFeed()
 4 SYSTEMPATH\CodeIgniter.php(933): App\Controllers\Accueil->index()
 5 SYSTEMPATH\CodeIgniter.php(507): CodeIgniter\CodeIgniter->runController(Object(App\Controllers\Accueil))
 6 SYSTEMPATH\CodeIgniter.php(354): CodeIgniter\CodeIgniter->handleRequest(null, Object(Config\Cache), false)
 7 SYSTEMPATH\Boot.php(363): CodeIgniter\CodeIgniter->run()
 8 SYSTEMPATH\Boot.php(68): CodeIgniter\Boot::runCodeIgniter(Object(CodeIgniter\CodeIgniter))
 9 FCPATH\index.php(59): CodeIgniter\Boot::bootWeb(Object(Config\Paths))
10 SYSTEMPATH\rewrite.php(44): require_once('Z:\\BTS2Bis\\Ap groupe\\GSBFraisCI4-V2\\public\\index.php')
DEBUG - 2025-10-14 15:04:32 --> Session: Class initialized using 'CodeIgniter\Session\Handlers\FileHandler' driver.
ERROR - 2025-10-14 15:04:32 --> Erreur RSS: 60 : SSL certificate problem: self-signed certificate in certificate chain
DEBUG - 2025-10-14 15:05:35 --> Session: Class initialized using 'CodeIgniter\Session\Handlers\FileHandler' driver.
ERROR - 2025-10-14 15:05:35 --> Erreur RSS: 60 : SSL certificate problem: self-signed certificate in certificate chain
DEBUG - 2025-10-14 15:05:50 --> Session: Class initialized using 'CodeIgniter\Session\Handlers\FileHandler' driver.
ERROR - 2025-10-14 15:05:50 --> Erreur RSS: 60 : SSL certificate problem: self-signed certificate in certificate chain
DEBUG - 2025-10-14 15:07:39 --> Session: Class initialized using 'CodeIgniter\Session\Handlers\FileHandler' driver.
ERROR - 2025-10-14 15:07:39 --> Erreur RSS: 60 : SSL certificate problem: self-signed certificate in certificate chain
DEBUG - 2025-10-14 15:15:29 --> Session: Class initialized using 'CodeIgniter\Session\Handlers\FileHandler' driver.
ERROR - 2025-10-14 15:15:29 --> Erreur RSS: 60 : SSL certificate problem: self-signed certificate in certificate chain
DEBUG - 2025-10-14 15:17:42 --> Session: Class initialized using 'CodeIgniter\Session\Handlers\FileHandler' driver.
ERROR - 2025-10-14 15:17:42 --> Erreur RSS: 60 : SSL certificate problem: self-signed certificate in certificate chain
DEBUG - 2025-10-14 15:20:30 --> Session: Class initialized using 'CodeIgniter\Session\Handlers\FileHandler' driver.
CRITICAL - 2025-10-14 15:20:30 --> Error: Class "App\Controllers\Services" not found
[Method: GET, Route: accueil]
in APPPATH\Controllers\Accueil.php on line 36.
 1 APPPATH\Controllers\Accueil.php(22): App\Controllers\Accueil->getRssFeed()
 2 SYSTEMPATH\CodeIgniter.php(933): App\Controllers\Accueil->index()
 3 SYSTEMPATH\CodeIgniter.php(507): CodeIgniter\CodeIgniter->runController(Object(App\Controllers\Accueil))
 4 SYSTEMPATH\CodeIgniter.php(354): CodeIgniter\CodeIgniter->handleRequest(null, Object(Config\Cache), false)
 5 SYSTEMPATH\Boot.php(363): CodeIgniter\CodeIgniter->run()
 6 SYSTEMPATH\Boot.php(68): CodeIgniter\Boot::runCodeIgniter(Object(CodeIgniter\CodeIgniter))
 7 FCPATH\index.php(59): CodeIgniter\Boot::bootWeb(Object(Config\Paths))
 8 SYSTEMPATH\rewrite.php(44): require_once('Z:\\BTS2Bis\\Ap groupe\\GSBFraisCI4-V2\\public\\index.php')
DEBUG - 2025-10-14 15:21:27 --> Session: Class initialized using 'CodeIgniter\Session\Handlers\FileHandler' driver.
CRITICAL - 2025-10-14 15:21:27 --> Error: Class "App\Controllers\Services" not found
[Method: GET, Route: accueil]
in APPPATH\Controllers\Accueil.php on line 35.
 1 APPPATH\Controllers\Accueil.php(22): App\Controllers\Accueil->getRssFeed()
 2 SYSTEMPATH\CodeIgniter.php(933): App\Controllers\Accueil->index()
 3 SYSTEMPATH\CodeIgniter.php(507): CodeIgniter\CodeIgniter->runController(Object(App\Controllers\Accueil))
 4 SYSTEMPATH\CodeIgniter.php(354): CodeIgniter\CodeIgniter->handleRequest(null, Object(Config\Cache), false)
 5 SYSTEMPATH\Boot.php(363): CodeIgniter\CodeIgniter->run()
 6 SYSTEMPATH\Boot.php(68): CodeIgniter\Boot::runCodeIgniter(Object(CodeIgniter\CodeIgniter))
 7 FCPATH\index.php(59): CodeIgniter\Boot::bootWeb(Object(Config\Paths))
 8 SYSTEMPATH\rewrite.php(44): require_once('Z:\\BTS2Bis\\Ap groupe\\GSBFraisCI4-V2\\public\\index.php')
DEBUG - 2025-10-14 15:23:38 --> Session: Class initialized using 'CodeIgniter\Session\Handlers\FileHandler' driver.
ERROR - 2025-10-14 15:23:38 --> Erreur lors du chargement du flux RSS : 60 : SSL certificate problem: self-signed certificate in certificate chain
DEBUG - 2025-10-14 15:25:40 --> Session: Class initialized using 'CodeIgniter\Session\Handlers\FileHandler' driver.
ERROR - 2025-10-14 15:25:40 --> Erreur lors du chargement du flux RSS : 60 : SSL certificate problem: self-signed certificate in certificate chain
DEBUG - 2025-10-14 15:28:34 --> Session: Class initialized using 'CodeIgniter\Session\Handlers\FileHandler' driver.
ERROR - 2025-10-14 15:28:35 --> Erreur lors du chargement du flux RSS : 60 : SSL certificate problem: self-signed certificate in certificate chain
