DEBUG - 2025-11-06 07:11:35 --> Session: Class initialized using 'CodeIgniter\Session\Handlers\FileHandler' driver.
DEBUG - 2025-11-06 07:11:37 --> Session: Class initialized using 'CodeIgniter\Session\Handlers\FileHandler' driver.
DEBUG - 2025-11-06 07:12:36 --> Session: Class initialized using 'CodeIgniter\Session\Handlers\FileHandler' driver.
DEBUG - 2025-11-06 07:12:41 --> Session: Class initialized using 'CodeIgniter\Session\Handlers\FileHandler' driver.
DEBUG - 2025-11-06 07:12:43 --> Session: Class initialized using 'CodeIgniter\Session\Handlers\FileHandler' driver.
CRITICAL - 2025-11-06 07:12:44 --> TypeError: App\Libraries\Gsb_lib::get_annee_from_anneemois(): Argument #1 ($annee_mois) must be of type string, null given, called in Z:\BTS2Bis\Ap groupe\GSBFrais\app\Models\GsbModel.php on line 125
[Method: GET, Route: gererfrais]
in APPPATH\Libraries\Gsb_lib.php on line 29.
 1 APPPATH\Models\GsbModel.php(125): App\Libraries\Gsb_lib->get_annee_from_anneemois(null)
 2 APPPATH\Controllers\Gererfrais.php(45): App\Models\GsbModel->cree_nouvelles_lignes_frais('a001', '2025', '11')
 3 SYSTEMPATH\CodeIgniter.php(933): App\Controllers\Gererfrais->index()
 4 SYSTEMPATH\CodeIgniter.php(507): CodeIgniter\CodeIgniter->runController(Object(App\Controllers\Gererfrais))
 5 SYSTEMPATH\CodeIgniter.php(354): CodeIgniter\CodeIgniter->handleRequest(null, Object(Config\Cache), false)
 6 SYSTEMPATH\Boot.php(363): CodeIgniter\CodeIgniter->run()
 7 SYSTEMPATH\Boot.php(68): CodeIgniter\Boot::runCodeIgniter(Object(CodeIgniter\CodeIgniter))
 8 FCPATH\index.php(59): CodeIgniter\Boot::bootWeb(Object(Config\Paths))
 9 SYSTEMPATH\rewrite.php(44): require_once('Z:\\BTS2Bis\\Ap groupe\\GSBFrais\\public\\index.php')
DEBUG - 2025-11-06 07:12:48 --> Session: Class initialized using 'CodeIgniter\Session\Handlers\FileHandler' driver.
DEBUG - 2025-11-06 07:16:45 --> Session: Class initialized using 'CodeIgniter\Session\Handlers\FileHandler' driver.
DEBUG - 2025-11-06 07:29:29 --> Session: Class initialized using 'CodeIgniter\Session\Handlers\FileHandler' driver.
DEBUG - 2025-11-06 07:30:34 --> Session: Class initialized using 'CodeIgniter\Session\Handlers\FileHandler' driver.
DEBUG - 2025-11-06 07:30:34 --> Session: Class initialized using 'CodeIgniter\Session\Handlers\FileHandler' driver.
ERROR - 2025-11-06 07:32:34 --> Error connecting to the database: mysqli_sql_exception: Aucune connexion n’a pu être établie car l’ordinateur cible l’a expressément refusée in Z:\BTS2Bis\Ap groupe\GSBFrais\system\Database\MySQLi\Connection.php:201
Stack trace:
#0 Z:\BTS2Bis\Ap groupe\GSBFrais\system\Database\MySQLi\Connection.php(201): mysqli->real_connect('10.29.128.50', 'myroot', Object(SensitiveParameterValue), 'gsbfrais-2025-a...', 3306, '', 0)
#1 Z:\BTS2Bis\Ap groupe\GSBFrais\system\Database\BaseConnection.php(419): CodeIgniter\Database\MySQLi\Connection->connect(false)
#2 Z:\BTS2Bis\Ap groupe\GSBFrais\system\Database\BaseConnection.php(614): CodeIgniter\Database\BaseConnection->initialize()
#3 Z:\BTS2Bis\Ap groupe\GSBFrais\system\Database\BaseBuilder.php(1649): CodeIgniter\Database\BaseConnection->query('SELECT `idUtili...', Array, false)
#4 Z:\BTS2Bis\Ap groupe\GSBFrais\app\Models\GsbModel.php(18): CodeIgniter\Database\BaseBuilder->get()
#5 Z:\BTS2Bis\Ap groupe\GSBFrais\app\Controllers\Connexion.php(52): App\Models\GsbModel->get_infos_visiteur('xgueguen', 'cejm1')
#6 Z:\BTS2Bis\Ap groupe\GSBFrais\system\CodeIgniter.php(933): App\Controllers\Connexion->valider()
#7 Z:\BTS2Bis\Ap groupe\GSBFrais\system\CodeIgniter.php(507): CodeIgniter\CodeIgniter->runController(Object(App\Controllers\Connexion))
#8 Z:\BTS2Bis\Ap groupe\GSBFrais\system\CodeIgniter.php(354): CodeIgniter\CodeIgniter->handleRequest(NULL, Object(Config\Cache), false)
#9 Z:\BTS2Bis\Ap groupe\GSBFrais\system\Boot.php(363): CodeIgniter\CodeIgniter->run()
#10 Z:\BTS2Bis\Ap groupe\GSBFrais\system\Boot.php(68): CodeIgniter\Boot::runCodeIgniter(Object(CodeIgniter\CodeIgniter))
#11 Z:\BTS2Bis\Ap groupe\GSBFrais\public\index.php(59): CodeIgniter\Boot::bootWeb(Object(Config\Paths))
#12 Z:\BTS2Bis\Ap groupe\GSBFrais\system\rewrite.php(44): require_once('Z:\\BTS2Bis\\Ap g...')
#13 {main}

Next CodeIgniter\Database\Exceptions\DatabaseException: Aucune connexion n’a pu être établie car l’ordinateur cible l’a expressément refusée in Z:\BTS2Bis\Ap groupe\GSBFrais\system\Database\MySQLi\Connection.php:246
Stack trace:
#0 Z:\BTS2Bis\Ap groupe\GSBFrais\system\Database\BaseConnection.php(419): CodeIgniter\Database\MySQLi\Connection->connect(false)
#1 Z:\BTS2Bis\Ap groupe\GSBFrais\system\Database\BaseConnection.php(614): CodeIgniter\Database\BaseConnection->initialize()
#2 Z:\BTS2Bis\Ap groupe\GSBFrais\system\Database\BaseBuilder.php(1649): CodeIgniter\Database\BaseConnection->query('SELECT `idUtili...', Array, false)
#3 Z:\BTS2Bis\Ap groupe\GSBFrais\app\Models\GsbModel.php(18): CodeIgniter\Database\BaseBuilder->get()
#4 Z:\BTS2Bis\Ap groupe\GSBFrais\app\Controllers\Connexion.php(52): App\Models\GsbModel->get_infos_visiteur('xgueguen', 'cejm1')
#5 Z:\BTS2Bis\Ap groupe\GSBFrais\system\CodeIgniter.php(933): App\Controllers\Connexion->valider()
#6 Z:\BTS2Bis\Ap groupe\GSBFrais\system\CodeIgniter.php(507): CodeIgniter\CodeIgniter->runController(Object(App\Controllers\Connexion))
#7 Z:\BTS2Bis\Ap groupe\GSBFrais\system\CodeIgniter.php(354): CodeIgniter\CodeIgniter->handleRequest(NULL, Object(Config\Cache), false)
#8 Z:\BTS2Bis\Ap groupe\GSBFrais\system\Boot.php(363): CodeIgniter\CodeIgniter->run()
#9 Z:\BTS2Bis\Ap groupe\GSBFrais\system\Boot.php(68): CodeIgniter\Boot::runCodeIgniter(Object(CodeIgniter\CodeIgniter))
#10 Z:\BTS2Bis\Ap groupe\GSBFrais\public\index.php(59): CodeIgniter\Boot::bootWeb(Object(Config\Paths))
#11 Z:\BTS2Bis\Ap groupe\GSBFrais\system\rewrite.php(44): require_once('Z:\\BTS2Bis\\Ap g...')
#12 {main}
CRITICAL - 2025-11-06 07:32:34 --> CodeIgniter\Database\Exceptions\DatabaseException: Unable to connect to the database.
Main connection [MySQLi]: Aucune connexion n’a pu être établie car l’ordinateur cible l’a expressément refusée
[Method: POST, Route: connexion/valider]
in SYSTEMPATH\Database\BaseConnection.php on line 465.
 1 SYSTEMPATH\Database\BaseConnection.php(614): CodeIgniter\Database\BaseConnection->initialize()
 2 SYSTEMPATH\Database\BaseBuilder.php(1649): CodeIgniter\Database\BaseConnection->query('SELECT `idUtilisateur`, `nom`, `prenom`, `login`, `utilisateur`.`idRole`, `role`.`libelleRole`
FROM `utilisateur`
JOIN `role` ON `role`.`idRole` = `utilisateur`.`idRole`
WHERE `login` = :login:
AND `mdp` = :mdp:', [...], false)
 3 APPPATH\Models\GsbModel.php(18): CodeIgniter\Database\BaseBuilder->get()
 4 APPPATH\Controllers\Connexion.php(52): App\Models\GsbModel->get_infos_visiteur('xgueguen', 'cejm1')
 5 SYSTEMPATH\CodeIgniter.php(933): App\Controllers\Connexion->valider()
 6 SYSTEMPATH\CodeIgniter.php(507): CodeIgniter\CodeIgniter->runController(Object(App\Controllers\Connexion))
 7 SYSTEMPATH\CodeIgniter.php(354): CodeIgniter\CodeIgniter->handleRequest(null, Object(Config\Cache), false)
 8 SYSTEMPATH\Boot.php(363): CodeIgniter\CodeIgniter->run()
 9 SYSTEMPATH\Boot.php(68): CodeIgniter\Boot::runCodeIgniter(Object(CodeIgniter\CodeIgniter))
10 FCPATH\index.php(59): CodeIgniter\Boot::bootWeb(Object(Config\Paths))
11 SYSTEMPATH\rewrite.php(44): require_once('Z:\\BTS2Bis\\Ap groupe\\GSBFrais\\public\\index.php')
DEBUG - 2025-11-06 07:33:48 --> Session: Class initialized using 'CodeIgniter\Session\Handlers\FileHandler' driver.
DEBUG - 2025-11-06 07:39:01 --> Session: Class initialized using 'CodeIgniter\Session\Handlers\FileHandler' driver.
DEBUG - 2025-11-06 07:39:04 --> Session: Class initialized using 'CodeIgniter\Session\Handlers\FileHandler' driver.
WARNING - 2025-11-06 07:39:04 --> [DEPRECATED] Creation of dynamic property App\Controllers\ValiderFicheFrais::$annee_mois is deprecated in APPPATH\Controllers\ValiderFicheFrais.php on line 24.
 1 SYSTEMPATH\CodeIgniter.php(933): App\Controllers\ValiderFicheFrais->index()
 2 SYSTEMPATH\CodeIgniter.php(507): CodeIgniter\CodeIgniter->runController(Object(App\Controllers\ValiderFicheFrais))
 3 SYSTEMPATH\CodeIgniter.php(354): CodeIgniter\CodeIgniter->handleRequest(null, Object(Config\Cache), false)
 4 SYSTEMPATH\Boot.php(363): CodeIgniter\CodeIgniter->run()
 5 SYSTEMPATH\Boot.php(68): CodeIgniter\Boot::runCodeIgniter(Object(CodeIgniter\CodeIgniter))
 6 FCPATH\index.php(59): CodeIgniter\Boot::bootWeb(Object(Config\Paths))
 7 SYSTEMPATH\rewrite.php(44): require_once('Z:\\BTS2Bis\\Ap groupe\\GSBFrais\\public\\index.php')
WARNING - 2025-11-06 07:39:04 --> [DEPRECATED] Creation of dynamic property App\Controllers\ValiderFicheFrais::$id_fiche is deprecated in APPPATH\Controllers\ValiderFicheFrais.php on line 25.
 1 SYSTEMPATH\CodeIgniter.php(933): App\Controllers\ValiderFicheFrais->index()
 2 SYSTEMPATH\CodeIgniter.php(507): CodeIgniter\CodeIgniter->runController(Object(App\Controllers\ValiderFicheFrais))
 3 SYSTEMPATH\CodeIgniter.php(354): CodeIgniter\CodeIgniter->handleRequest(null, Object(Config\Cache), false)
 4 SYSTEMPATH\Boot.php(363): CodeIgniter\CodeIgniter->run()
 5 SYSTEMPATH\Boot.php(68): CodeIgniter\Boot::runCodeIgniter(Object(CodeIgniter\CodeIgniter))
 6 FCPATH\index.php(59): CodeIgniter\Boot::bootWeb(Object(Config\Paths))
 7 SYSTEMPATH\rewrite.php(44): require_once('Z:\\BTS2Bis\\Ap groupe\\GSBFrais\\public\\index.php')
CRITICAL - 2025-11-06 07:39:04 --> CodeIgniter\View\Exceptions\ViewException: Invalid file: "<structures/sommaire.php"
[Method: GET, Route: valFicheFrais]
in SYSTEMPATH\Exceptions\FrameworkException.php on line 39.
 1 SYSTEMPATH\View\View.php(214): CodeIgniter\Exceptions\FrameworkException::forInvalidFile('<structures/sommaire.php')
 2 SYSTEMPATH\Common.php(1167): CodeIgniter\View\View->render('<structures/sommaire', [], true)
 3 APPPATH\Controllers\ValiderFicheFrais.php(33): view('<structures/sommaire')
 4 APPPATH\Controllers\ValiderFicheFrais.php(26): App\Controllers\ValiderFicheFrais->validerFiches()
 5 SYSTEMPATH\CodeIgniter.php(933): App\Controllers\ValiderFicheFrais->index()
 6 SYSTEMPATH\CodeIgniter.php(507): CodeIgniter\CodeIgniter->runController(Object(App\Controllers\ValiderFicheFrais))
 7 SYSTEMPATH\CodeIgniter.php(354): CodeIgniter\CodeIgniter->handleRequest(null, Object(Config\Cache), false)
 8 SYSTEMPATH\Boot.php(363): CodeIgniter\CodeIgniter->run()
 9 SYSTEMPATH\Boot.php(68): CodeIgniter\Boot::runCodeIgniter(Object(CodeIgniter\CodeIgniter))
10 FCPATH\index.php(59): CodeIgniter\Boot::bootWeb(Object(Config\Paths))
11 SYSTEMPATH\rewrite.php(44): require_once('Z:\\BTS2Bis\\Ap groupe\\GSBFrais\\public\\index.php')
DEBUG - 2025-11-06 07:39:40 --> Session: Class initialized using 'CodeIgniter\Session\Handlers\FileHandler' driver.
DEBUG - 2025-11-06 07:39:42 --> Session: Class initialized using 'CodeIgniter\Session\Handlers\FileHandler' driver.
WARNING - 2025-11-06 07:39:43 --> [DEPRECATED] Creation of dynamic property App\Controllers\ValiderFicheFrais::$annee_mois is deprecated in APPPATH\Controllers\ValiderFicheFrais.php on line 24.
 1 SYSTEMPATH\CodeIgniter.php(933): App\Controllers\ValiderFicheFrais->index()
 2 SYSTEMPATH\CodeIgniter.php(507): CodeIgniter\CodeIgniter->runController(Object(App\Controllers\ValiderFicheFrais))
 3 SYSTEMPATH\CodeIgniter.php(354): CodeIgniter\CodeIgniter->handleRequest(null, Object(Config\Cache), false)
 4 SYSTEMPATH\Boot.php(363): CodeIgniter\CodeIgniter->run()
 5 SYSTEMPATH\Boot.php(68): CodeIgniter\Boot::runCodeIgniter(Object(CodeIgniter\CodeIgniter))
 6 FCPATH\index.php(59): CodeIgniter\Boot::bootWeb(Object(Config\Paths))
 7 SYSTEMPATH\rewrite.php(44): require_once('Z:\\BTS2Bis\\Ap groupe\\GSBFrais\\public\\index.php')
WARNING - 2025-11-06 07:39:43 --> [DEPRECATED] Creation of dynamic property App\Controllers\ValiderFicheFrais::$id_fiche is deprecated in APPPATH\Controllers\ValiderFicheFrais.php on line 25.
 1 SYSTEMPATH\CodeIgniter.php(933): App\Controllers\ValiderFicheFrais->index()
 2 SYSTEMPATH\CodeIgniter.php(507): CodeIgniter\CodeIgniter->runController(Object(App\Controllers\ValiderFicheFrais))
 3 SYSTEMPATH\CodeIgniter.php(354): CodeIgniter\CodeIgniter->handleRequest(null, Object(Config\Cache), false)
 4 SYSTEMPATH\Boot.php(363): CodeIgniter\CodeIgniter->run()
 5 SYSTEMPATH\Boot.php(68): CodeIgniter\Boot::runCodeIgniter(Object(CodeIgniter\CodeIgniter))
 6 FCPATH\index.php(59): CodeIgniter\Boot::bootWeb(Object(Config\Paths))
 7 SYSTEMPATH\rewrite.php(44): require_once('Z:\\BTS2Bis\\Ap groupe\\GSBFrais\\public\\index.php')
CRITICAL - 2025-11-06 07:39:43 --> CodeIgniter\View\Exceptions\ViewException: Invalid file: "<structures/sommaire.php"
[Method: GET, Route: valideFicheFrais]
in SYSTEMPATH\Exceptions\FrameworkException.php on line 39.
 1 SYSTEMPATH\View\View.php(214): CodeIgniter\Exceptions\FrameworkException::forInvalidFile('<structures/sommaire.php')
 2 SYSTEMPATH\Common.php(1167): CodeIgniter\View\View->render('<structures/sommaire', [], true)
 3 APPPATH\Controllers\ValiderFicheFrais.php(33): view('<structures/sommaire')
 4 APPPATH\Controllers\ValiderFicheFrais.php(26): App\Controllers\ValiderFicheFrais->validerFiches()
 5 SYSTEMPATH\CodeIgniter.php(933): App\Controllers\ValiderFicheFrais->index()
 6 SYSTEMPATH\CodeIgniter.php(507): CodeIgniter\CodeIgniter->runController(Object(App\Controllers\ValiderFicheFrais))
 7 SYSTEMPATH\CodeIgniter.php(354): CodeIgniter\CodeIgniter->handleRequest(null, Object(Config\Cache), false)
 8 SYSTEMPATH\Boot.php(363): CodeIgniter\CodeIgniter->run()
 9 SYSTEMPATH\Boot.php(68): CodeIgniter\Boot::runCodeIgniter(Object(CodeIgniter\CodeIgniter))
10 FCPATH\index.php(59): CodeIgniter\Boot::bootWeb(Object(Config\Paths))
11 SYSTEMPATH\rewrite.php(44): require_once('Z:\\BTS2Bis\\Ap groupe\\GSBFrais\\public\\index.php')
DEBUG - 2025-11-06 07:41:32 --> Session: Class initialized using 'CodeIgniter\Session\Handlers\FileHandler' driver.
WARNING - 2025-11-06 07:41:32 --> [DEPRECATED] Creation of dynamic property App\Controllers\ValiderFicheFrais::$annee_mois is deprecated in APPPATH\Controllers\ValiderFicheFrais.php on line 24.
 1 SYSTEMPATH\CodeIgniter.php(933): App\Controllers\ValiderFicheFrais->index()
 2 SYSTEMPATH\CodeIgniter.php(507): CodeIgniter\CodeIgniter->runController(Object(App\Controllers\ValiderFicheFrais))
 3 SYSTEMPATH\CodeIgniter.php(354): CodeIgniter\CodeIgniter->handleRequest(null, Object(Config\Cache), false)
 4 SYSTEMPATH\Boot.php(363): CodeIgniter\CodeIgniter->run()
 5 SYSTEMPATH\Boot.php(68): CodeIgniter\Boot::runCodeIgniter(Object(CodeIgniter\CodeIgniter))
 6 FCPATH\index.php(59): CodeIgniter\Boot::bootWeb(Object(Config\Paths))
 7 SYSTEMPATH\rewrite.php(44): require_once('Z:\\BTS2Bis\\Ap groupe\\GSBFrais\\public\\index.php')
WARNING - 2025-11-06 07:41:32 --> [DEPRECATED] Creation of dynamic property App\Controllers\ValiderFicheFrais::$id_fiche is deprecated in APPPATH\Controllers\ValiderFicheFrais.php on line 25.
 1 SYSTEMPATH\CodeIgniter.php(933): App\Controllers\ValiderFicheFrais->index()
 2 SYSTEMPATH\CodeIgniter.php(507): CodeIgniter\CodeIgniter->runController(Object(App\Controllers\ValiderFicheFrais))
 3 SYSTEMPATH\CodeIgniter.php(354): CodeIgniter\CodeIgniter->handleRequest(null, Object(Config\Cache), false)
 4 SYSTEMPATH\Boot.php(363): CodeIgniter\CodeIgniter->run()
 5 SYSTEMPATH\Boot.php(68): CodeIgniter\Boot::runCodeIgniter(Object(CodeIgniter\CodeIgniter))
 6 FCPATH\index.php(59): CodeIgniter\Boot::bootWeb(Object(Config\Paths))
 7 SYSTEMPATH\rewrite.php(44): require_once('Z:\\BTS2Bis\\Ap groupe\\GSBFrais\\public\\index.php')
CRITICAL - 2025-11-06 07:41:32 --> CodeIgniter\View\Exceptions\ViewException: Invalid file: "<structures/sommaire.php"
[Method: GET, Route: valideFicheFrais]
in SYSTEMPATH\Exceptions\FrameworkException.php on line 39.
 1 SYSTEMPATH\View\View.php(214): CodeIgniter\Exceptions\FrameworkException::forInvalidFile('<structures/sommaire.php')
 2 SYSTEMPATH\Common.php(1167): CodeIgniter\View\View->render('<structures/sommaire', [], true)
 3 APPPATH\Controllers\ValiderFicheFrais.php(33): view('<structures/sommaire')
 4 APPPATH\Controllers\ValiderFicheFrais.php(26): App\Controllers\ValiderFicheFrais->validerFiches()
 5 SYSTEMPATH\CodeIgniter.php(933): App\Controllers\ValiderFicheFrais->index()
 6 SYSTEMPATH\CodeIgniter.php(507): CodeIgniter\CodeIgniter->runController(Object(App\Controllers\ValiderFicheFrais))
 7 SYSTEMPATH\CodeIgniter.php(354): CodeIgniter\CodeIgniter->handleRequest(null, Object(Config\Cache), false)
 8 SYSTEMPATH\Boot.php(363): CodeIgniter\CodeIgniter->run()
 9 SYSTEMPATH\Boot.php(68): CodeIgniter\Boot::runCodeIgniter(Object(CodeIgniter\CodeIgniter))
10 FCPATH\index.php(59): CodeIgniter\Boot::bootWeb(Object(Config\Paths))
11 SYSTEMPATH\rewrite.php(44): require_once('Z:\\BTS2Bis\\Ap groupe\\GSBFrais\\public\\index.php')
DEBUG - 2025-11-06 07:47:13 --> Session: Class initialized using 'CodeIgniter\Session\Handlers\FileHandler' driver.
CRITICAL - 2025-11-06 07:47:13 --> CodeIgniter\View\Exceptions\ViewException: Invalid file: "<structures/sommaire.php"
[Method: GET, Route: valideFicheFrais]
in SYSTEMPATH\Exceptions\FrameworkException.php on line 39.
 1 SYSTEMPATH\View\View.php(214): CodeIgniter\Exceptions\FrameworkException::forInvalidFile('<structures/sommaire.php')
 2 SYSTEMPATH\Common.php(1167): CodeIgniter\View\View->render('<structures/sommaire', [], true)
 3 APPPATH\Controllers\ValiderFicheFrais.php(26): view('<structures/sommaire')
 4 SYSTEMPATH\CodeIgniter.php(933): App\Controllers\ValiderFicheFrais->index()
 5 SYSTEMPATH\CodeIgniter.php(507): CodeIgniter\CodeIgniter->runController(Object(App\Controllers\ValiderFicheFrais))
 6 SYSTEMPATH\CodeIgniter.php(354): CodeIgniter\CodeIgniter->handleRequest(null, Object(Config\Cache), false)
 7 SYSTEMPATH\Boot.php(363): CodeIgniter\CodeIgniter->run()
 8 SYSTEMPATH\Boot.php(68): CodeIgniter\Boot::runCodeIgniter(Object(CodeIgniter\CodeIgniter))
 9 FCPATH\index.php(59): CodeIgniter\Boot::bootWeb(Object(Config\Paths))
10 SYSTEMPATH\rewrite.php(44): require_once('Z:\\BTS2Bis\\Ap groupe\\GSBFrais\\public\\index.php')
DEBUG - 2025-11-06 07:47:15 --> Session: Class initialized using 'CodeIgniter\Session\Handlers\FileHandler' driver.
DEBUG - 2025-11-06 07:47:18 --> Session: Class initialized using 'CodeIgniter\Session\Handlers\FileHandler' driver.
DEBUG - 2025-11-06 07:47:18 --> Session: Class initialized using 'CodeIgniter\Session\Handlers\FileHandler' driver.
DEBUG - 2025-11-06 07:47:21 --> Session: Class initialized using 'CodeIgniter\Session\Handlers\FileHandler' driver.
DEBUG - 2025-11-06 07:47:21 --> Session: Class initialized using 'CodeIgniter\Session\Handlers\FileHandler' driver.
DEBUG - 2025-11-06 07:47:23 --> Session: Class initialized using 'CodeIgniter\Session\Handlers\FileHandler' driver.
CRITICAL - 2025-11-06 07:47:23 --> CodeIgniter\View\Exceptions\ViewException: Invalid file: "<structures/sommaire.php"
[Method: GET, Route: valideFicheFrais]
in SYSTEMPATH\Exceptions\FrameworkException.php on line 39.
 1 SYSTEMPATH\View\View.php(214): CodeIgniter\Exceptions\FrameworkException::forInvalidFile('<structures/sommaire.php')
 2 SYSTEMPATH\Common.php(1167): CodeIgniter\View\View->render('<structures/sommaire', [], true)
 3 APPPATH\Controllers\ValiderFicheFrais.php(26): view('<structures/sommaire')
 4 SYSTEMPATH\CodeIgniter.php(933): App\Controllers\ValiderFicheFrais->index()
 5 SYSTEMPATH\CodeIgniter.php(507): CodeIgniter\CodeIgniter->runController(Object(App\Controllers\ValiderFicheFrais))
 6 SYSTEMPATH\CodeIgniter.php(354): CodeIgniter\CodeIgniter->handleRequest(null, Object(Config\Cache), false)
 7 SYSTEMPATH\Boot.php(363): CodeIgniter\CodeIgniter->run()
 8 SYSTEMPATH\Boot.php(68): CodeIgniter\Boot::runCodeIgniter(Object(CodeIgniter\CodeIgniter))
 9 FCPATH\index.php(59): CodeIgniter\Boot::bootWeb(Object(Config\Paths))
10 SYSTEMPATH\rewrite.php(44): require_once('Z:\\BTS2Bis\\Ap groupe\\GSBFrais\\public\\index.php')
DEBUG - 2025-11-06 07:47:41 --> Session: Class initialized using 'CodeIgniter\Session\Handlers\FileHandler' driver.
CRITICAL - 2025-11-06 07:47:41 --> CodeIgniter\View\Exceptions\ViewException: Invalid file: "<structures/sommaire.php"
[Method: GET, Route: valideFicheFrais]
in SYSTEMPATH\Exceptions\FrameworkException.php on line 39.
 1 SYSTEMPATH\View\View.php(214): CodeIgniter\Exceptions\FrameworkException::forInvalidFile('<structures/sommaire.php')
 2 SYSTEMPATH\Common.php(1167): CodeIgniter\View\View->render('<structures/sommaire', [], true)
 3 APPPATH\Controllers\ValiderFicheFrais.php(26): view('<structures/sommaire')
 4 SYSTEMPATH\CodeIgniter.php(933): App\Controllers\ValiderFicheFrais->index()
 5 SYSTEMPATH\CodeIgniter.php(507): CodeIgniter\CodeIgniter->runController(Object(App\Controllers\ValiderFicheFrais))
 6 SYSTEMPATH\CodeIgniter.php(354): CodeIgniter\CodeIgniter->handleRequest(null, Object(Config\Cache), false)
 7 SYSTEMPATH\Boot.php(363): CodeIgniter\CodeIgniter->run()
 8 SYSTEMPATH\Boot.php(68): CodeIgniter\Boot::runCodeIgniter(Object(CodeIgniter\CodeIgniter))
 9 FCPATH\index.php(59): CodeIgniter\Boot::bootWeb(Object(Config\Paths))
10 SYSTEMPATH\rewrite.php(44): require_once('Z:\\BTS2Bis\\Ap groupe\\GSBFrais\\public\\index.php')
DEBUG - 2025-11-06 07:48:12 --> Session: Class initialized using 'CodeIgniter\Session\Handlers\FileHandler' driver.
CRITICAL - 2025-11-06 07:48:12 --> CodeIgniter\View\Exceptions\ViewException: Invalid file: "structures/sommaire.php"
[Method: GET, Route: valideFicheFrais]
in SYSTEMPATH\Exceptions\FrameworkException.php on line 39.
 1 SYSTEMPATH\View\View.php(214): CodeIgniter\Exceptions\FrameworkException::forInvalidFile('structures/sommaire.php')
 2 SYSTEMPATH\Common.php(1167): CodeIgniter\View\View->render('structures/sommaire', [], true)
 3 APPPATH\Controllers\ValiderFicheFrais.php(26): view('structures/sommaire')
 4 SYSTEMPATH\CodeIgniter.php(933): App\Controllers\ValiderFicheFrais->index()
 5 SYSTEMPATH\CodeIgniter.php(507): CodeIgniter\CodeIgniter->runController(Object(App\Controllers\ValiderFicheFrais))
 6 SYSTEMPATH\CodeIgniter.php(354): CodeIgniter\CodeIgniter->handleRequest(null, Object(Config\Cache), false)
 7 SYSTEMPATH\Boot.php(363): CodeIgniter\CodeIgniter->run()
 8 SYSTEMPATH\Boot.php(68): CodeIgniter\Boot::runCodeIgniter(Object(CodeIgniter\CodeIgniter))
 9 FCPATH\index.php(59): CodeIgniter\Boot::bootWeb(Object(Config\Paths))
10 SYSTEMPATH\rewrite.php(44): require_once('Z:\\BTS2Bis\\Ap groupe\\GSBFrais\\public\\index.php')
DEBUG - 2025-11-06 07:49:05 --> Session: Class initialized using 'CodeIgniter\Session\Handlers\FileHandler' driver.
CRITICAL - 2025-11-06 07:49:05 --> ErrorException: Undefined variable $data
[Method: GET, Route: valideFicheFrais]
in APPPATH\Controllers\ValiderFicheFrais.php on line 27.
 1 APPPATH\Controllers\ValiderFicheFrais.php(27): CodeIgniter\Debug\Exceptions->errorHandler(2, 'Undefined variable $data', 'Z:\\BTS2Bis\\Ap groupe\\GSBFrais\\app\\Controllers\\ValiderFicheFrais.php', 27)
 2 SYSTEMPATH\CodeIgniter.php(933): App\Controllers\ValiderFicheFrais->index()
 3 SYSTEMPATH\CodeIgniter.php(507): CodeIgniter\CodeIgniter->runController(Object(App\Controllers\ValiderFicheFrais))
 4 SYSTEMPATH\CodeIgniter.php(354): CodeIgniter\CodeIgniter->handleRequest(null, Object(Config\Cache), false)
 5 SYSTEMPATH\Boot.php(363): CodeIgniter\CodeIgniter->run()
 6 SYSTEMPATH\Boot.php(68): CodeIgniter\Boot::runCodeIgniter(Object(CodeIgniter\CodeIgniter))
 7 FCPATH\index.php(59): CodeIgniter\Boot::bootWeb(Object(Config\Paths))
 8 SYSTEMPATH\rewrite.php(44): require_once('Z:\\BTS2Bis\\Ap groupe\\GSBFrais\\public\\index.php')
DEBUG - 2025-11-06 07:49:47 --> Session: Class initialized using 'CodeIgniter\Session\Handlers\FileHandler' driver.
CRITICAL - 2025-11-06 07:49:47 --> Error: Call to undefined function img()
[Method: GET, Route: valideFicheFrais]
in APPPATH\Views\en_travaux.php on line 3.
 1 SYSTEMPATH\View\View.php(226): include()
 2 SYSTEMPATH\View\View.php(229): CodeIgniter\View\View->CodeIgniter\View\{closure}()
 3 SYSTEMPATH\Common.php(1167): CodeIgniter\View\View->render('en_travaux', [], true)
 4 APPPATH\Controllers\ValiderFicheFrais.php(30): view('en_travaux', [...])
 5 SYSTEMPATH\CodeIgniter.php(933): App\Controllers\ValiderFicheFrais->index()
 6 SYSTEMPATH\CodeIgniter.php(507): CodeIgniter\CodeIgniter->runController(Object(App\Controllers\ValiderFicheFrais))
 7 SYSTEMPATH\CodeIgniter.php(354): CodeIgniter\CodeIgniter->handleRequest(null, Object(Config\Cache), false)
 8 SYSTEMPATH\Boot.php(363): CodeIgniter\CodeIgniter->run()
 9 SYSTEMPATH\Boot.php(68): CodeIgniter\Boot::runCodeIgniter(Object(CodeIgniter\CodeIgniter))
10 FCPATH\index.php(59): CodeIgniter\Boot::bootWeb(Object(Config\Paths))
11 SYSTEMPATH\rewrite.php(44): require_once('Z:\\BTS2Bis\\Ap groupe\\GSBFrais\\public\\index.php')
DEBUG - 2025-11-06 07:52:06 --> Session: Class initialized using 'CodeIgniter\Session\Handlers\FileHandler' driver.
DEBUG - 2025-11-06 07:52:44 --> Session: Class initialized using 'CodeIgniter\Session\Handlers\FileHandler' driver.
DEBUG - 2025-11-06 07:55:19 --> Session: Class initialized using 'CodeIgniter\Session\Handlers\FileHandler' driver.
DEBUG - 2025-11-06 07:55:22 --> Session: Class initialized using 'CodeIgniter\Session\Handlers\FileHandler' driver.
DEBUG - 2025-11-06 07:55:24 --> Session: Class initialized using 'CodeIgniter\Session\Handlers\FileHandler' driver.
DEBUG - 2025-11-06 07:55:29 --> Session: Class initialized using 'CodeIgniter\Session\Handlers\FileHandler' driver.
DEBUG - 2025-11-06 07:59:41 --> Session: Class initialized using 'CodeIgniter\Session\Handlers\FileHandler' driver.
DEBUG - 2025-11-06 08:50:42 --> Session: Class initialized using 'CodeIgniter\Session\Handlers\FileHandler' driver.
DEBUG - 2025-11-06 08:50:43 --> Session: Class initialized using 'CodeIgniter\Session\Handlers\FileHandler' driver.
DEBUG - 2025-11-06 08:51:01 --> Session: Class initialized using 'CodeIgniter\Session\Handlers\FileHandler' driver.
DEBUG - 2025-11-06 08:51:02 --> Session: Class initialized using 'CodeIgniter\Session\Handlers\FileHandler' driver.
DEBUG - 2025-11-06 08:51:14 --> Session: Class initialized using 'CodeIgniter\Session\Handlers\FileHandler' driver.
DEBUG - 2025-11-06 08:53:28 --> Session: Class initialized using 'CodeIgniter\Session\Handlers\FileHandler' driver.
